2023-10-10 14:06:59,238 [INFO] - Fetching data from KML file.
2023-10-10 14:06:59,879 [INFO] - Saving data to data/markers-2023-10-10.csv
2023-10-10 14:07:00,880 [INFO] - Category dictionary created.
2023-10-10 14:11:06,509 [INFO] - Saved data to data/toll-rates-2023-10-10.csv
2023-10-10 14:11:06,510 [INFO] - Latest files matching pattern 'toll' are ['data/toll-rates-2023-10-10.csv', 'data/toll-rates-2023-10-09.csv']
2023-10-10 14:11:06,510 [INFO] - Latest files matching pattern 'markers' are ['data/markers-2023-10-10.csv', 'data/markers-2023-09-27.csv']
2023-10-10 14:11:06,518 [INFO] - No change in markers data
2023-10-10 14:11:06,534 [INFO] - No change in toll data
2023-10-11 03:37:46,569 [INFO] - Fetching data from KML file.
2023-10-11 03:37:48,058 [INFO] - Saving data to data/markers-2023-10-11.csv
2023-10-11 03:37:49,198 [INFO] - Category dictionary created.
2023-10-11 03:43:09,241 [INFO] - Saved data to data/toll-rates-2023-10-11.csv
2023-10-11 03:43:09,241 [INFO] - Latest files matching pattern 'toll' are ['data/toll-rates-2023-10-11.csv', 'data/toll-rates-2023-10-09.csv']
2023-10-11 03:43:09,242 [INFO] - Latest files matching pattern 'markers' are ['data/markers-2023-10-11.csv', 'data/markers-2023-09-27.csv']
2023-10-11 03:43:09,249 [INFO] - No change in markers data
2023-10-11 03:43:09,271 [INFO] - No change in toll data
2023-10-11 09:28:19,928 [INFO] - Latest files matching pattern 'toll' are ['data/toll-rates-2023-10-11.csv', 'data/toll-rates-2023-10-10.csv']
2023-10-11 09:28:19,929 [INFO] - Latest files matching pattern 'markers' are ['data/markers-2023-10-11.csv', 'data/markers-2023-10-10.csv']
2023-10-11 09:28:19,942 [INFO] - No change in markers data
2023-10-11 09:28:19,942 [INFO] - No change in toll data
2023-10-12 09:28:19,928 [INFO] - Latest files matching pattern 'toll' are ['data/toll-rates-2023-10-12.csv', 'data/toll-rates-2023-10-12.csv']
2023-10-12 09:28:19,929 [INFO] - Latest files matching pattern 'markers' are ['data/markers-2023-10-12.csv', 'data/markers-2023-10-12.csv']
2023-10-12 09:28:19,942 [INFO] - No change in markers data
2023-10-12 09:28:19,942 [INFO] - No change in toll data
2023-10-13 09:28:19,928 [INFO] - Latest files matching pattern 'toll' are ['data/toll-rates-2023-10-13.csv', 'data/toll-rates-2023-10-12.csv']
2023-10-13 09:28:19,929 [INFO] - Latest files matching pattern 'markers' are ['data/markers-2023-10-13.csv', 'data/markers-2023-10-12.csv']
2023-10-13 09:28:19,942 [INFO] - No change in markers data
2023-10-13 09:28:19,942 [INFO] - No change in toll data
2023-10-13 07:01:41,218 [INFO] - Fetching data from KML file.
2023-10-13 07:01:42,398 [INFO] - Saving data to data/markers-2023-10-13.csv
2023-10-13 07:01:43,880 [INFO] - Category dictionary created.
2023-10-13 07:08:10,250 [INFO] - Saved data to data/toll-rates-2023-10-13.csv
2023-10-13 07:08:10,251 [INFO] - Latest files matching pattern 'toll' are ['data/toll-rates-2023-10-13.csv', 'data/toll-rates-2023-10-09.csv']
2023-10-13 07:08:10,251 [INFO] - Latest files matching pattern 'markers' are ['data/markers-2023-10-13.csv', 'data/markers-2023-10-12.csv']
2023-10-13 07:08:10,258 [INFO] - No change in markers data
2023-10-13 07:08:10,277 [INFO] - No change in toll data
2023-10-14 04:09:38,455 [INFO] - Fetching data from KML file.
2023-10-14 04:09:41,237 [INFO] - Saving data to data/markers-2023-10-14.csv
2023-10-14 04:09:43,646 [INFO] - Category dictionary created.
2023-10-14 04:15:56,099 [INFO] - Saved data to data/toll-rates-2023-10-14.csv
2023-10-14 04:15:56,099 [INFO] - Latest files matching pattern 'toll' are ['data/toll-rates-2023-10-14.csv', 'data/toll-rates-2023-10-13.csv']
2023-10-14 04:15:56,100 [INFO] - Latest files matching pattern 'markers' are ['data/markers-2023-10-14.csv', 'data/markers-2023-10-13.csv']
2023-10-14 04:15:56,108 [INFO] - No change in markers data
2023-10-14 04:15:56,131 [INFO] - No change in toll data
